<?xml version="1.0" encoding="UTF-8"?>
<testng-results ignored="0" total="1" passed="1" failed="0" skipped="0">
  <reporter-output>
  </reporter-output>
  <suite started-at="2022-11-02T09:49:38 IST" name="Default suite" finished-at="2022-11-02T09:49:55 IST" duration-ms="16276">
    <groups>
    </groups>
    <test started-at="2022-11-02T09:49:38 IST" name="Default test" finished-at="2022-11-02T09:49:55 IST" duration-ms="16276">
      <class name="testCases.Test1">
        <test-method signature="initilization1()[pri:0, instance:testCases.Test1@78e117e3]" started-at="2022-11-02T09:49:38 IST" name="initilization1" finished-at="2022-11-02T09:49:55 IST" duration-ms="16236" status="PASS">
          <reporter-output>
          </reporter-output>
        </test-method> <!-- initilization1 -->
      </class> <!-- testCases.Test1 -->
    </test> <!-- Default test -->
  </suite> <!-- Default suite -->
</testng-results>
